<?xml version="1.0" encoding="UTF-8"?>
<testng-results ignored="0" total="1" passed="1" failed="0" skipped="0">
  <reporter-output>
  </reporter-output>
  <suite started-at="2024-08-09T13:23:28 IST" name="Default suite" finished-at="2024-08-09T13:23:46 IST" duration-ms="18307">
    <groups>
    </groups>
    <test started-at="2024-08-09T13:23:28 IST" name="Default test" finished-at="2024-08-09T13:23:46 IST" duration-ms="18307">
      <class name="com.banking.testcases.Tc_Register_new_User">
        <test-method is-config="true" signature="setup()[pri:0, instance:com.banking.testcases.Tc_Register_new_User@a1153bc]" started-at="2024-08-09T13:23:28 IST" name="setup" finished-at="2024-08-09T13:23:30 IST" duration-ms="1955" status="PASS">
          <reporter-output>
          </reporter-output>
        </test-method> <!-- setup -->
        <test-method signature="Register_new_User_TestCase()[pri:0, instance:com.banking.testcases.Tc_Register_new_User@a1153bc]" started-at="2024-08-09T13:23:30 IST" name="Register_new_User_TestCase" finished-at="2024-08-09T13:23:46 IST" duration-ms="15928" status="PASS">
          <reporter-output>
          </reporter-output>
        </test-method> <!-- Register_new_User_TestCase -->
        <test-method is-config="true" signature="tearDown()[pri:0, instance:com.banking.testcases.Tc_Register_new_User@a1153bc]" started-at="2024-08-09T13:23:46 IST" name="tearDown" finished-at="2024-08-09T13:23:46 IST" duration-ms="369" status="PASS">
          <reporter-output>
          </reporter-output>
        </test-method> <!-- tearDown -->
      </class> <!-- com.banking.testcases.Tc_Register_new_User -->
    </test> <!-- Default test -->
  </suite> <!-- Default suite -->
</testng-results>
